checking build system type... x86_64-pc-linux-gnu
checking host system type... x86_64-pc-linux-gnu

Beginning configuration for readline-8.2 for x86_64-pc-linux-gnu

checking whether make sets $(MAKE)... yes
checking for gcc... gcc
checking whether the C compiler works... yes
checking for C compiler default output file name... a.out
checking for suffix of executables... 
checking whether we are cross compiling... no
checking for suffix of object files... o
checking whether the compiler supports GNU C... yes
checking whether gcc accepts -g... yes
checking for gcc option to enable C11 features... none needed
checking for stdio.h... yes
checking for stdlib.h... yes
checking for string.h... yes
checking for inttypes.h... yes
checking for stdint.h... yes
checking for strings.h... yes
checking for sys/stat.h... yes
checking for sys/types.h... yes
checking for unistd.h... yes
checking for wchar.h... yes
checking for minix/config.h... no
checking whether it is safe to define __EXTENSIONS__... yes
checking whether _XOPEN_SOURCE should be defined... no
checking how to run the C preprocessor... gcc -E
checking for grep that handles long lines and -e... /usr/bin/grep
checking for egrep... /usr/bin/grep -E
checking whether gcc needs -traditional... no
checking for a BSD-compatible install... /usr/bin/install -c
checking for ar... ar
checking for ranlib... ranlib
checking for an ANSI C-conforming const... yes
checking for inline... inline
checking whether char is unsigned... no
checking for working volatile... yes
checking for size_t... yes
checking for ssize_t... yes
checking whether stat file-mode macros are broken... no
checking for dirent.h that defines DIR... yes
checking for library containing opendir... none required
checking for fcntl... yes
checking for gettimeofday... yes
checking for kill... yes
checking for lstat... yes
checking for pselect... yes
checking for readlink... yes
checking for select... yes
checking for setitimer... yes
checking for fnmatch... yes
checking for memmove... yes
checking for putenv... yes
checking for setenv... yes
checking for setlocale... yes
checking for strcasecmp... yes
checking for strpbrk... yes
checking for sysconf... yes
checking for tcgetattr... yes
checking for vsnprintf... yes
checking for isascii... yes
checking for isxdigit... yes
checking for getpwent... yes
checking for getpwnam... yes
checking for getpwuid... yes
checking for uid_t in sys/types.h... yes
checking for working chown... yes
checking for working strcoll... yes
checking for fcntl.h... yes
checking for unistd.h... (cached) yes
checking for stdlib.h... (cached) yes
checking for varargs.h... no
checking for stdarg.h... yes
checking for stdbool.h... yes
checking for string.h... (cached) yes
checking for strings.h... (cached) yes
checking for limits.h... yes
checking for locale.h... yes
checking for pwd.h... yes
checking for memory.h... yes
checking for termcap.h... yes
checking for termios.h... yes
checking for termio.h... yes
checking for sys/ioctl.h... yes
checking for sys/pte.h... no
checking for sys/stream.h... no
checking for sys/select.h... yes
checking for sys/time.h... yes
checking for sys/file.h... yes
checking for sys/ptem.h... no
checking for special C compiler options needed for large files... no
checking for _FILE_OFFSET_BITS value needed for large files... no
checking for type of signal functions... posix
checking if signal handlers must be reinstalled when invoked... no
checking for presence of POSIX-style sigsetjmp/siglongjmp... present
checking for lstat... yes
checking whether or not strcoll and strcmp differ... no
checking whether getpw functions are declared in pwd.h... yes
checking whether termios.h defines TIOCGWINSZ... no
checking whether sys/ioctl.h defines TIOCGWINSZ... yes
checking for inttypes.h... (cached) yes
checking for sig_atomic_t in signal.h... yes
checking for TIOCSTAT in sys/ioctl.h... no
checking for FIONREAD in sys/ioctl.h... yes
checking for speed_t in sys/types.h... no
checking for struct winsize in sys/ioctl.h and termios.h... sys/ioctl.h
checking for struct dirent.d_ino... checking for struct dirent.d_ino... yes
yes
checking for struct dirent.d_fileno... checking for struct dirent.d_fileno... yes
yes
checking for struct timeval in sys/time.h and time.h... yes
checking for libaudit.h... no
checking for gcc options needed to detect all undeclared functions... none needed
checking whether AUDIT_USER_TTY is declared... yes
checking for tgetent... no
checking for tgetent in -ltermcap... yes
checking which library has the termcap functions... using libtermcap
checking for nl_langinfo and CODESET... yes
checking for wctype.h... yes
checking for wchar.h... (cached) yes
checking for langinfo.h... yes
checking for mbstr.h... no
checking for mbrlen... yes
checking for mbscasecmp... no
checking for mbscmp... no
checking for mbsnrtowcs... yes
checking for mbsrtowcs... yes
checking for mbschr... no
checking for wcrtomb... yes
checking for wcscoll... yes
checking for wcsdup... yes
checking for wcwidth... yes
checking for wctype... yes
checking for wcswidth... yes
checking whether mbrtowc and mbstate_t are properly declared... yes
checking for iswlower... yes
checking for iswupper... yes
checking for towlower... yes
checking for towupper... yes
checking for iswctype... yes
checking for wchar_t in wchar.h... yes
checking for wctype_t in wctype.h... yes
checking for wint_t in wctype.h... yes
checking for wcwidth broken with unicode combining characters... no
checking size of wchar_t... 4
checking configuration for building shared libraries... supported
configure: creating ./config.status
config.status: creating Makefile
config.status: creating doc/Makefile
config.status: creating examples/Makefile
config.status: creating shlib/Makefile
config.status: creating readline.pc
config.status: creating history.pc
config.status: creating config.h
config.status: config.h is unchanged
config.status: executing stamp-h commands
test -d shlib || mkdir shlib
( cd shlib ; make  all )
make[1]: 进入目录“/home/user/wzh/duipai_ji-ubuntu/library/readline/shlib”
make[1]: 对“all”无需做任何事。
make[1]: 离开目录“/home/user/wzh/duipai_ji-ubuntu/library/readline/shlib”
/bin/sh ./support/mkinstalldirs /home/user/wzh/duipai_ji-ubuntu/library/readline/../libs/include \
	/home/user/wzh/duipai_ji-ubuntu/library/readline/../libs/include/readline /home/user/wzh/duipai_ji-ubuntu/library/readline/../libs/lib \
	/home/user/wzh/duipai_ji-ubuntu/library/readline/../libs/share/info /home/user/wzh/duipai_ji-ubuntu/library/readline/../libs/share/man/man3 /home/user/wzh/duipai_ji-ubuntu/library/readline/../libs/share/doc/readline \
	/home/user/wzh/duipai_ji-ubuntu/library/readline/../libs/lib/pkgconfig
for f in readline.h chardefs.h keymaps.h history.h tilde.h rlstdc.h rlconf.h rltypedefs.h; do \
	/usr/bin/install -c -m 644 ./$f /home/user/wzh/duipai_ji-ubuntu/library/readline/../libs/include/readline ; \
done
/usr/bin/install -c -m 644 ./CHANGES ./INSTALL ./README /home/user/wzh/duipai_ji-ubuntu/library/readline/../libs/share/doc/readline
( if test -d doc ; then \
	cd doc && \
	make  infodir=/home/user/wzh/duipai_ji-ubuntu/library/readline/../libs/share/info DESTDIR= install; \
  fi )
make[1]: 进入目录“/home/user/wzh/duipai_ji-ubuntu/library/readline/doc”
/bin/sh ../support/mkdirs /home/user/wzh/duipai_ji-ubuntu/library/readline/../libs/share/info /home/user/wzh/duipai_ji-ubuntu/library/readline/../libs/share/man/man3
if test -n "" ; then \
	/bin/sh ../support/mkdirs  ; \
fi
if test -f readline.info; then \
	/usr/bin/install -c -m 644 readline.info /home/user/wzh/duipai_ji-ubuntu/library/readline/../libs/share/info/readline.info; \
else \
	/usr/bin/install -c -m 644 ./readline.info /home/user/wzh/duipai_ji-ubuntu/library/readline/../libs/share/info/readline.info; \
fi
if test -f rluserman.info; then \
	/usr/bin/install -c -m 644 rluserman.info /home/user/wzh/duipai_ji-ubuntu/library/readline/../libs/share/info/rluserman.info; \
else \
	/usr/bin/install -c -m 644 ./rluserman.info /home/user/wzh/duipai_ji-ubuntu/library/readline/../libs/share/info/rluserman.info; \
fi
if test -f history.info; then \
	/usr/bin/install -c -m 644 history.info /home/user/wzh/duipai_ji-ubuntu/library/readline/../libs/share/info/history.info; \
else \
	/usr/bin/install -c -m 644 ./history.info /home/user/wzh/duipai_ji-ubuntu/library/readline/../libs/share/info/history.info; \
fi
if /bin/sh -c 'install-info --version' >/dev/null 2>&1; then \
	install-info --dir-file=/home/user/wzh/duipai_ji-ubuntu/library/readline/../libs/share/info/dir \
		/home/user/wzh/duipai_ji-ubuntu/library/readline/../libs/share/info/readline.info ; \
	install-info --dir-file=/home/user/wzh/duipai_ji-ubuntu/library/readline/../libs/share/info/dir \
		/home/user/wzh/duipai_ji-ubuntu/library/readline/../libs/share/info/history.info ; \
	install-info --dir-file=/home/user/wzh/duipai_ji-ubuntu/library/readline/../libs/share/info/dir \
		/home/user/wzh/duipai_ji-ubuntu/library/readline/../libs/share/info/rluserman.info ; \
else true; fi
/usr/bin/install -c -m 644 ./readline.3 /home/user/wzh/duipai_ji-ubuntu/library/readline/../libs/share/man/man3/readline.3
/usr/bin/install -c -m 644 ./history.3 /home/user/wzh/duipai_ji-ubuntu/library/readline/../libs/share/man/man3/history.3
if test -n "" ; then \
	if test -f readline.html; then \
		/usr/bin/install -c -m 644 readline.html /readline.html; \
	else \
		/usr/bin/install -c -m 644 ./readline.html /readline.html; \
	fi ; \
	if test -f history.html; then \
		/usr/bin/install -c -m 644 history.html /history.html; \
	else \
		/usr/bin/install -c -m 644 ./history.html /history.html; \
	fi ; \
	if test -f rluserman.html; then \
		/usr/bin/install -c -m 644 rluserman.html /rluserman.html; \
	else \
		/usr/bin/install -c -m 644 ./rluserman.html /rluserman.html; \
	fi ; \
fi
make[1]: 离开目录“/home/user/wzh/duipai_ji-ubuntu/library/readline/doc”
( cd examples ; make  DESTDIR= install )
make[1]: 进入目录“/home/user/wzh/duipai_ji-ubuntu/library/readline/examples”
/bin/sh ../support/mkdirs /home/user/wzh/duipai_ji-ubuntu/library/readline/../libs/share/readline
/usr/bin/install: 无法获取'./rltest2.c' 的文件状态(stat): 没有那个文件或目录
make[1]: 离开目录“/home/user/wzh/duipai_ji-ubuntu/library/readline/examples”
/usr/bin/install -c -m 644 /home/user/wzh/duipai_ji-ubuntu/library/readline/readline.pc /home/user/wzh/duipai_ji-ubuntu/library/readline/../libs/lib/pkgconfig/readline.pc
/usr/bin/install -c -m 644 /home/user/wzh/duipai_ji-ubuntu/library/readline/history.pc /home/user/wzh/duipai_ji-ubuntu/library/readline/../libs/lib/pkgconfig/history.pc
mv /home/user/wzh/duipai_ji-ubuntu/library/readline/../libs/lib/libreadline.a /home/user/wzh/duipai_ji-ubuntu/library/readline/../libs/lib/libreadline.old
/usr/bin/install -c -m 644 libreadline.a /home/user/wzh/duipai_ji-ubuntu/library/readline/../libs/lib/libreadline.a
test -n "ranlib" && ranlib /home/user/wzh/duipai_ji-ubuntu/library/readline/../libs/lib/libreadline.a
mv /home/user/wzh/duipai_ji-ubuntu/library/readline/../libs/lib/libhistory.a /home/user/wzh/duipai_ji-ubuntu/library/readline/../libs/lib/libhistory.old
/usr/bin/install -c -m 644 libhistory.a /home/user/wzh/duipai_ji-ubuntu/library/readline/../libs/lib/libhistory.a
test -n "ranlib" && ranlib /home/user/wzh/duipai_ji-ubuntu/library/readline/../libs/lib/libhistory.a
test -d shlib || mkdir shlib
( cd shlib ; make  all )
make[1]: 进入目录“/home/user/wzh/duipai_ji-ubuntu/library/readline/shlib”
make[1]: 对“all”无需做任何事。
make[1]: 离开目录“/home/user/wzh/duipai_ji-ubuntu/library/readline/shlib”
( cd shlib ; make  DESTDIR= install )
make[1]: 进入目录“/home/user/wzh/duipai_ji-ubuntu/library/readline/shlib”
/bin/sh ../support/mkdirs /home/user/wzh/duipai_ji-ubuntu/library/readline/../libs/lib
/bin/sh ../support/mkdirs /home/user/wzh/duipai_ji-ubuntu/library/readline/../libs/bin
/bin/sh ../support/shlib-install -O linux-gnu -V pc -d /home/user/wzh/duipai_ji-ubuntu/library/readline/../libs/lib -b /home/user/wzh/duipai_ji-ubuntu/library/readline/../libs/bin -i "/usr/bin/install -c -m 644" libhistory.so.8.2
/bin/sh ../support/shlib-install -O linux-gnu -V pc -d /home/user/wzh/duipai_ji-ubuntu/library/readline/../libs/lib -b /home/user/wzh/duipai_ji-ubuntu/library/readline/../libs/bin -i "/usr/bin/install -c -m 644" libreadline.so.8.2
install: you may need to run ldconfig
make[1]: 离开目录“/home/user/wzh/duipai_ji-ubuntu/library/readline/shlib”
checking build system type... x86_64-pc-linux-gnu
checking host system type... x86_64-pc-linux-gnu

Beginning configuration for readline-8.2 for x86_64-pc-linux-gnu

checking whether make sets $(MAKE)... yes
checking for gcc... gcc
checking whether the C compiler works... yes
checking for C compiler default output file name... a.out
checking for suffix of executables... 
checking whether we are cross compiling... no
checking for suffix of object files... o
checking whether the compiler supports GNU C... yes
checking whether gcc accepts -g... yes
checking for gcc option to enable C11 features... none needed
checking for stdio.h... yes
checking for stdlib.h... yes
checking for string.h... yes
checking for inttypes.h... yes
checking for stdint.h... yes
checking for strings.h... yes
checking for sys/stat.h... yes
checking for sys/types.h... yes
checking for unistd.h... yes
checking for wchar.h... yes
checking for minix/config.h... no
checking whether it is safe to define __EXTENSIONS__... yes
checking whether _XOPEN_SOURCE should be defined... no
checking how to run the C preprocessor... gcc -E
checking for grep that handles long lines and -e... /usr/bin/grep
checking for egrep... /usr/bin/grep -E
checking whether gcc needs -traditional... no
checking for a BSD-compatible install... /usr/bin/install -c
checking for ar... ar
checking for ranlib... ranlib
checking for an ANSI C-conforming const... yes
checking for inline... inline
checking whether char is unsigned... no
checking for working volatile... yes
checking for size_t... yes
checking for ssize_t... yes
checking whether stat file-mode macros are broken... no
checking for dirent.h that defines DIR... yes
checking for library containing opendir... none required
checking for fcntl... yes
checking for gettimeofday... yes
checking for kill... yes
checking for lstat... yes
checking for pselect... yes
checking for readlink... yes
checking for select... yes
checking for setitimer... yes
checking for fnmatch... yes
checking for memmove... yes
checking for putenv... yes
checking for setenv... yes
checking for setlocale... yes
checking for strcasecmp... yes
checking for strpbrk... yes
checking for sysconf... yes
checking for tcgetattr... yes
checking for vsnprintf... yes
checking for isascii... yes
checking for isxdigit... yes
checking for getpwent... yes
checking for getpwnam... yes
checking for getpwuid... yes
checking for uid_t in sys/types.h... yes
checking for working chown... yes
checking for working strcoll... yes
checking for fcntl.h... yes
checking for unistd.h... (cached) yes
checking for stdlib.h... (cached) yes
checking for varargs.h... no
checking for stdarg.h... yes
checking for stdbool.h... yes
checking for string.h... (cached) yes
checking for strings.h... (cached) yes
checking for limits.h... yes
checking for locale.h... yes
checking for pwd.h... yes
checking for memory.h... yes
checking for termcap.h... yes
checking for termios.h... yes
checking for termio.h... yes
checking for sys/ioctl.h... yes
checking for sys/pte.h... no
checking for sys/stream.h... no
checking for sys/select.h... yes
checking for sys/time.h... yes
checking for sys/file.h... yes
checking for sys/ptem.h... no
checking for special C compiler options needed for large files... no
checking for _FILE_OFFSET_BITS value needed for large files... no
checking for type of signal functions... posix
checking if signal handlers must be reinstalled when invoked... no
checking for presence of POSIX-style sigsetjmp/siglongjmp... present
checking for lstat... yes
checking whether or not strcoll and strcmp differ... no
checking whether getpw functions are declared in pwd.h... yes
checking whether termios.h defines TIOCGWINSZ... no
checking whether sys/ioctl.h defines TIOCGWINSZ... yes
checking for inttypes.h... (cached) yes
checking for sig_atomic_t in signal.h... yes
checking for TIOCSTAT in sys/ioctl.h... no
checking for FIONREAD in sys/ioctl.h... yes
checking for speed_t in sys/types.h... no
checking for struct winsize in sys/ioctl.h and termios.h... sys/ioctl.h
checking for struct dirent.d_ino... checking for struct dirent.d_ino... yes
yes
checking for struct dirent.d_fileno... checking for struct dirent.d_fileno... yes
yes
checking for struct timeval in sys/time.h and time.h... yes
checking for libaudit.h... no
checking for gcc options needed to detect all undeclared functions... none needed
checking whether AUDIT_USER_TTY is declared... yes
checking for tgetent... no
checking for tgetent in -ltermcap... yes
checking which library has the termcap functions... using libtermcap
checking for nl_langinfo and CODESET... yes
checking for wctype.h... yes
checking for wchar.h... (cached) yes
checking for langinfo.h... yes
checking for mbstr.h... no
checking for mbrlen... yes
checking for mbscasecmp... no
checking for mbscmp... no
checking for mbsnrtowcs... yes
checking for mbsrtowcs... yes
checking for mbschr... no
checking for wcrtomb... yes
checking for wcscoll... yes
checking for wcsdup... yes
checking for wcwidth... yes
checking for wctype... yes
checking for wcswidth... yes
checking whether mbrtowc and mbstate_t are properly declared... yes
checking for iswlower... yes
checking for iswupper... yes
checking for towlower... yes
checking for towupper... yes
checking for iswctype... yes
checking for wchar_t in wchar.h... yes
checking for wctype_t in wctype.h... yes
checking for wint_t in wctype.h... yes
checking for wcwidth broken with unicode combining characters... no
checking size of wchar_t... 4
checking configuration for building shared libraries... supported
configure: creating ./config.status
config.status: creating Makefile
config.status: creating doc/Makefile
config.status: creating examples/Makefile
config.status: creating shlib/Makefile
config.status: creating readline.pc
config.status: creating history.pc
config.status: creating config.h
config.status: config.h is unchanged
config.status: executing stamp-h commands
test -d shlib || mkdir shlib
( cd shlib ; make  all )
make[1]: 进入目录“/home/user/wzh/duipai_ji-ubuntu/library/readline/shlib”
make[1]: 对“all”无需做任何事。
make[1]: 离开目录“/home/user/wzh/duipai_ji-ubuntu/library/readline/shlib”
/bin/sh ./support/mkinstalldirs /home/user/wzh/duipai_ji-ubuntu/library/readline/../libs/include \
	/home/user/wzh/duipai_ji-ubuntu/library/readline/../libs/include/readline /home/user/wzh/duipai_ji-ubuntu/library/readline/../libs/lib \
	/home/user/wzh/duipai_ji-ubuntu/library/readline/../libs/share/info /home/user/wzh/duipai_ji-ubuntu/library/readline/../libs/share/man/man3 /home/user/wzh/duipai_ji-ubuntu/library/readline/../libs/share/doc/readline \
	/home/user/wzh/duipai_ji-ubuntu/library/readline/../libs/lib/pkgconfig
for f in readline.h chardefs.h keymaps.h history.h tilde.h rlstdc.h rlconf.h rltypedefs.h; do \
	/usr/bin/install -c -m 644 ./$f /home/user/wzh/duipai_ji-ubuntu/library/readline/../libs/include/readline ; \
done
/usr/bin/install -c -m 644 ./CHANGES ./INSTALL ./README /home/user/wzh/duipai_ji-ubuntu/library/readline/../libs/share/doc/readline
( if test -d doc ; then \
	cd doc && \
	make  infodir=/home/user/wzh/duipai_ji-ubuntu/library/readline/../libs/share/info DESTDIR= install; \
  fi )
make[1]: 进入目录“/home/user/wzh/duipai_ji-ubuntu/library/readline/doc”
/bin/sh ../support/mkdirs /home/user/wzh/duipai_ji-ubuntu/library/readline/../libs/share/info /home/user/wzh/duipai_ji-ubuntu/library/readline/../libs/share/man/man3
if test -n "" ; then \
	/bin/sh ../support/mkdirs  ; \
fi
if test -f readline.info; then \
	/usr/bin/install -c -m 644 readline.info /home/user/wzh/duipai_ji-ubuntu/library/readline/../libs/share/info/readline.info; \
else \
	/usr/bin/install -c -m 644 ./readline.info /home/user/wzh/duipai_ji-ubuntu/library/readline/../libs/share/info/readline.info; \
fi
if test -f rluserman.info; then \
	/usr/bin/install -c -m 644 rluserman.info /home/user/wzh/duipai_ji-ubuntu/library/readline/../libs/share/info/rluserman.info; \
else \
	/usr/bin/install -c -m 644 ./rluserman.info /home/user/wzh/duipai_ji-ubuntu/library/readline/../libs/share/info/rluserman.info; \
fi
if test -f history.info; then \
	/usr/bin/install -c -m 644 history.info /home/user/wzh/duipai_ji-ubuntu/library/readline/../libs/share/info/history.info; \
else \
	/usr/bin/install -c -m 644 ./history.info /home/user/wzh/duipai_ji-ubuntu/library/readline/../libs/share/info/history.info; \
fi
if /bin/sh -c 'install-info --version' >/dev/null 2>&1; then \
	install-info --dir-file=/home/user/wzh/duipai_ji-ubuntu/library/readline/../libs/share/info/dir \
		/home/user/wzh/duipai_ji-ubuntu/library/readline/../libs/share/info/readline.info ; \
	install-info --dir-file=/home/user/wzh/duipai_ji-ubuntu/library/readline/../libs/share/info/dir \
		/home/user/wzh/duipai_ji-ubuntu/library/readline/../libs/share/info/history.info ; \
	install-info --dir-file=/home/user/wzh/duipai_ji-ubuntu/library/readline/../libs/share/info/dir \
		/home/user/wzh/duipai_ji-ubuntu/library/readline/../libs/share/info/rluserman.info ; \
else true; fi
/usr/bin/install -c -m 644 ./readline.3 /home/user/wzh/duipai_ji-ubuntu/library/readline/../libs/share/man/man3/readline.3
/usr/bin/install -c -m 644 ./history.3 /home/user/wzh/duipai_ji-ubuntu/library/readline/../libs/share/man/man3/history.3
if test -n "" ; then \
	if test -f readline.html; then \
		/usr/bin/install -c -m 644 readline.html /readline.html; \
	else \
		/usr/bin/install -c -m 644 ./readline.html /readline.html; \
	fi ; \
	if test -f history.html; then \
		/usr/bin/install -c -m 644 history.html /history.html; \
	else \
		/usr/bin/install -c -m 644 ./history.html /history.html; \
	fi ; \
	if test -f rluserman.html; then \
		/usr/bin/install -c -m 644 rluserman.html /rluserman.html; \
	else \
		/usr/bin/install -c -m 644 ./rluserman.html /rluserman.html; \
	fi ; \
fi
make[1]: 离开目录“/home/user/wzh/duipai_ji-ubuntu/library/readline/doc”
( cd examples ; make  DESTDIR= install )
make[1]: 进入目录“/home/user/wzh/duipai_ji-ubuntu/library/readline/examples”
/bin/sh ../support/mkdirs /home/user/wzh/duipai_ji-ubuntu/library/readline/../libs/share/readline
make[1]: 离开目录“/home/user/wzh/duipai_ji-ubuntu/library/readline/examples”
/usr/bin/install -c -m 644 /home/user/wzh/duipai_ji-ubuntu/library/readline/readline.pc /home/user/wzh/duipai_ji-ubuntu/library/readline/../libs/lib/pkgconfig/readline.pc
/usr/bin/install -c -m 644 /home/user/wzh/duipai_ji-ubuntu/library/readline/history.pc /home/user/wzh/duipai_ji-ubuntu/library/readline/../libs/lib/pkgconfig/history.pc
mv /home/user/wzh/duipai_ji-ubuntu/library/readline/../libs/lib/libreadline.a /home/user/wzh/duipai_ji-ubuntu/library/readline/../libs/lib/libreadline.old
/usr/bin/install -c -m 644 libreadline.a /home/user/wzh/duipai_ji-ubuntu/library/readline/../libs/lib/libreadline.a
test -n "ranlib" && ranlib /home/user/wzh/duipai_ji-ubuntu/library/readline/../libs/lib/libreadline.a
mv /home/user/wzh/duipai_ji-ubuntu/library/readline/../libs/lib/libhistory.a /home/user/wzh/duipai_ji-ubuntu/library/readline/../libs/lib/libhistory.old
/usr/bin/install -c -m 644 libhistory.a /home/user/wzh/duipai_ji-ubuntu/library/readline/../libs/lib/libhistory.a
test -n "ranlib" && ranlib /home/user/wzh/duipai_ji-ubuntu/library/readline/../libs/lib/libhistory.a
test -d shlib || mkdir shlib
( cd shlib ; make  all )
make[1]: 进入目录“/home/user/wzh/duipai_ji-ubuntu/library/readline/shlib”
make[1]: 对“all”无需做任何事。
make[1]: 离开目录“/home/user/wzh/duipai_ji-ubuntu/library/readline/shlib”
( cd shlib ; make  DESTDIR= install )
make[1]: 进入目录“/home/user/wzh/duipai_ji-ubuntu/library/readline/shlib”
/bin/sh ../support/mkdirs /home/user/wzh/duipai_ji-ubuntu/library/readline/../libs/lib
/bin/sh ../support/mkdirs /home/user/wzh/duipai_ji-ubuntu/library/readline/../libs/bin
/bin/sh ../support/shlib-install -O linux-gnu -V pc -d /home/user/wzh/duipai_ji-ubuntu/library/readline/../libs/lib -b /home/user/wzh/duipai_ji-ubuntu/library/readline/../libs/bin -i "/usr/bin/install -c -m 644" libhistory.so.8.2
/bin/sh ../support/shlib-install -O linux-gnu -V pc -d /home/user/wzh/duipai_ji-ubuntu/library/readline/../libs/lib -b /home/user/wzh/duipai_ji-ubuntu/library/readline/../libs/bin -i "/usr/bin/install -c -m 644" libreadline.so.8.2
install: you may need to run ldconfig
make[1]: 离开目录“/home/user/wzh/duipai_ji-ubuntu/library/readline/shlib”
